\BOOKMARK [0][-]{chapter.1}{\376\377\000T\000h\000e\000\040\000p\000r\000o\000j\000e\000c\000t}{}% 1
\BOOKMARK [0][-]{chapter.2}{\376\377\000F\000i\000r\000s\000t\000\040\000a\000p\000p\000r\000o\000a\000c\000h\000:\000\040\000W\000i\000e\000n\000e\000r\000-\000I\000k\000e\000h\000a\000r\000a\000\040\000T\000a\000u\000b\000e\000r\000i\000a\000n\000\040\000t\000h\000e\000o\000r\000e\000m\000.}{}% 2
\BOOKMARK [1][-]{section.2.1}{\376\377\000A\000\040\000F\000o\000u\000r\000i\000e\000r\000-\000a\000n\000a\000l\000y\000t\000i\000c\000\040\000p\000r\000o\000o\000f\000\040\000o\000f\000\040\000t\000h\000e\000\040\000W\000i\000e\000n\000e\000r\000-\000I\000k\000e\000h\000a\000r\000a\000\040\000t\000h\000e\000o\000r\000e\000m}{chapter.2}% 3
\BOOKMARK [1][-]{section.2.2}{\376\377\000W\000e\000a\000k\000\040\000P\000N\000T}{chapter.2}% 4
\BOOKMARK [1][-]{section.2.3}{\376\377\000R\000e\000m\000o\000v\000i\000n\000g\000\040\000t\000h\000e\000\040\000C\000h\000e\000b\000y\000s\000h\000e\000v\000\040\000h\000y\000p\000o\000t\000h\000e\000s\000i\000s}{chapter.2}% 5
\BOOKMARK [1][-]{section.2.4}{\376\377\000T\000h\000e\000\040\000p\000r\000i\000m\000e\000\040\000n\000u\000m\000b\000e\000r\000\040\000t\000h\000e\000o\000r\000e\000m\000\040\000i\000n\000\040\000a\000r\000i\000t\000h\000m\000e\000t\000i\000c\000\040\000p\000r\000o\000g\000r\000e\000s\000s\000i\000o\000n\000s}{chapter.2}% 6
\BOOKMARK [1][-]{section.2.5}{\376\377\000T\000h\000e\000\040\000C\000h\000e\000b\000o\000t\000a\000r\000e\000v\000\040\000d\000e\000n\000s\000i\000t\000y\000\040\000t\000h\000e\000o\000r\000e\000m\000:\000\040\000t\000h\000e\000\040\000c\000a\000s\000e\000\040\000o\000f\000\040\000c\000y\000c\000l\000o\000t\000o\000m\000i\000c\000\040\000e\000x\000t\000e\000n\000s\000i\000o\000n\000s}{chapter.2}% 7
\BOOKMARK [1][-]{section.2.6}{\376\377\000T\000h\000e\000\040\000C\000h\000e\000b\000o\000t\000a\000r\000e\000v\000\040\000d\000e\000n\000s\000i\000t\000y\000\040\000t\000h\000e\000o\000r\000e\000m\000:\000\040\000t\000h\000e\000\040\000c\000a\000s\000e\000\040\000o\000f\000\040\000a\000b\000e\000l\000i\000a\000n\000\040\000e\000x\000t\000e\000n\000s\000i\000o\000n\000s}{chapter.2}% 8
\BOOKMARK [1][-]{section.2.7}{\376\377\000T\000h\000e\000\040\000C\000h\000e\000b\000o\000t\000a\000r\000e\000v\000\040\000d\000e\000n\000s\000i\000t\000y\000\040\000t\000h\000e\000o\000r\000e\000m\000:\000\040\000t\000h\000e\000\040\000g\000e\000n\000e\000r\000a\000l\000\040\000c\000a\000s\000e}{chapter.2}% 9
\BOOKMARK [0][-]{chapter.3}{\376\377\000S\000e\000c\000o\000n\000d\000\040\000a\000p\000p\000r\000o\000a\000c\000h}{}% 10
\BOOKMARK [1][-]{section.3.1}{\376\377\000R\000e\000s\000i\000d\000u\000e\000\040\000c\000a\000l\000c\000u\000l\000u\000s\000\040\000o\000n\000\040\000r\000e\000c\000t\000a\000n\000g\000l\000e\000s}{chapter.3}% 11
\BOOKMARK [1][-]{section.3.2}{\376\377\000P\000e\000r\000r\000o\000n\000\040\000F\000o\000r\000m\000u\000l\000a}{chapter.3}% 12
\BOOKMARK [1][-]{section.3.3}{\376\377\000M\000e\000l\000l\000i\000n\000\040\000t\000r\000a\000n\000s\000f\000o\000r\000m\000s}{chapter.3}% 13
\BOOKMARK [1][-]{section.3.4}{\376\377\000Z\000e\000t\000a\000\040\000B\000o\000u\000n\000d\000s}{chapter.3}% 14
\BOOKMARK [1][-]{section.3.5}{\376\377\000P\000r\000o\000o\000f\000\040\000o\000f\000\040\000M\000e\000d\000i\000u\000m\000\040\000P\000N\000T}{chapter.3}% 15
\BOOKMARK [1][-]{section.3.6}{\376\377\000M\000e\000d\000i\000u\000m\000P\000N\000T}{chapter.3}% 16
\BOOKMARK [1][-]{section.3.7}{\376\377\000S\000t\000r\000o\000n\000g\000\040\000P\000N\000T}{chapter.3}% 17
\BOOKMARK [0][-]{chapter.4}{\376\377\000E\000l\000e\000m\000e\000n\000t\000a\000r\000y\000\040\000C\000o\000r\000o\000l\000l\000a\000r\000i\000e\000s}{}% 18
\BOOKMARK [1][-]{section.4.1}{\376\377\000C\000o\000n\000s\000e\000q\000u\000e\000n\000c\000e\000s\000\040\000o\000f\000\040\000t\000h\000e\000\040\000P\000N\000T\000\040\000i\000n\000\040\000a\000r\000i\000t\000h\000m\000e\000t\000i\000c\000\040\000p\000r\000o\000g\000r\000e\000s\000s\000i\000o\000n\000s}{chapter.4}% 19
\BOOKMARK [1][-]{section.4.2}{\376\377\000C\000o\000n\000s\000e\000q\000u\000e\000n\000c\000e\000s\000\040\000o\000f\000\040\000t\000h\000e\000\040\000C\000h\000e\000b\000o\000t\000a\000r\000e\000v\000\040\000d\000e\000n\000s\000i\000t\000y\000\040\000t\000h\000e\000o\000r\000e\000m}{chapter.4}% 20
